\BOOKMARK [1][-]{section.1}{\376\377\000U\000v\000o\000d}{}% 1
\BOOKMARK [2][-]{subsection.1.1}{\376\377\000C\000i\000l\000j\000\040\000d\000o\000k\000u\000m\000e\000n\000t\000a}{section.1}% 2
\BOOKMARK [2][-]{subsection.1.2}{\376\377\000K\000o\000n\000t\000e\000k\000s\000t\000\040\000i\000\040\000m\000o\000t\000i\000v\000a\000c\000i\000j\000a}{section.1}% 3
\BOOKMARK [1][-]{section.2}{\376\377\000P\000r\000e\000g\000l\000e\000d\000\040\000l\000i\000t\000e\000r\000a\000t\000u\000r\000e\000\040\000i\000\040\000t\000e\000h\000n\000o\000l\000o\000g\000i\000j\000a}{}% 4
\BOOKMARK [2][-]{subsection.2.1}{\376\377\000T\000r\000a\000d\000i\000c\000i\000o\000n\000a\000l\000n\000e\000\040\000t\000e\000h\000n\000i\000k\000e\000\040\000s\000i\000g\000u\000r\000n\000o\000s\000n\000o\000g\000\040\000t\000e\000s\000t\000i\000r\000a\000n\000j\000a}{section.2}% 5
\BOOKMARK [3][-]{subsubsection.2.1.1}{\376\377\000S\000t\000a\000t\000i\000c\000\040\000A\000p\000p\000l\000i\000c\000a\000t\000i\000o\000n\000\040\000S\000e\000c\000u\000r\000i\000t\000y\000\040\000T\000e\000s\000t\000i\000n\000g\000\040\000\050\000S\000A\000S\000T\000\051}{subsection.2.1}% 6
\BOOKMARK [3][-]{subsubsection.2.1.2}{\376\377\000D\000y\000n\000a\000m\000i\000c\000\040\000A\000p\000p\000l\000i\000c\000a\000t\000i\000o\000n\000\040\000S\000e\000c\000u\000r\000i\000t\000y\000\040\000T\000e\000s\000t\000i\000n\000g\000\040\000\050\000D\000A\000S\000T\000\051}{subsection.2.1}% 7
\BOOKMARK [3][-]{subsubsection.2.1.3}{\376\377\000I\000n\000t\000e\000r\000a\000c\000t\000i\000v\000e\000\040\000A\000p\000p\000l\000i\000c\000a\000t\000i\000o\000n\000\040\000S\000e\000c\000u\000r\000i\000t\000y\000\040\000T\000e\000s\000t\000i\000n\000g\000\040\000\050\000I\000A\000S\000T\000\051}{subsection.2.1}% 8
\BOOKMARK [3][-]{subsubsection.2.1.4}{\376\377\000S\000o\000f\000t\000w\000a\000r\000e\000\040\000C\000o\000m\000p\000o\000s\000i\000t\000i\000o\000n\000\040\000A\000n\000a\000l\000y\000s\000i\000s\000\040\000\050\000S\000C\000A\000\051}{subsection.2.1}% 9
\BOOKMARK [3][-]{subsubsection.2.1.5}{\376\377\000P\000e\000n\000e\000t\000r\000a\000t\000i\000o\000n\000\040\000T\000e\000s\000t\000i\000n\000g}{subsection.2.1}% 10
\BOOKMARK [2][-]{subsection.2.2}{\376\377\000U\000l\000o\000g\000a\000\040\000A\000I\000\040\000u\000\040\000s\000i\000g\000u\000r\000n\000o\000s\000n\000o\000m\000\040\000t\000e\000s\000t\000i\000r\000a\000n\000j\000u}{section.2}% 11
\BOOKMARK [1][-]{section.3}{\376\377\000M\000e\000t\000o\000d\000:\000\040\000A\000I\000\040\000a\000g\000e\000n\000t\000i\000\040\000u\000\040\000C\000I\000/\000C\000D\000\040\000p\000i\000p\000e\000l\000i\000n\000e\000-\000u}{}% 12
\BOOKMARK [2][-]{subsection.3.1}{\376\377\000A\000r\000h\000i\000t\000e\000k\000t\000u\000r\000a\000\040\000i\000n\000t\000e\000g\000r\000a\000c\000i\000j\000e}{section.3}% 13
\BOOKMARK [2][-]{subsection.3.2}{\376\377\000K\000o\000m\000p\000o\000n\000e\000n\000t\000e\000\040\000A\000I\000\040\000s\000i\000g\000u\000r\000n\000o\000s\000n\000o\000g\000\040\000a\000g\000e\000n\000t\000a}{section.3}% 14
\BOOKMARK [2][-]{subsection.3.3}{\376\377\000P\000r\000i\000m\000j\000e\000r\000\040\000i\000n\000t\000e\000g\000r\000a\000c\000i\000j\000e\000:\000\040\000G\000i\000t\000H\000u\000b\000\040\000A\000c\000t\000i\000o\000n\000s}{section.3}% 15
\BOOKMARK [2][-]{subsection.3.4}{\376\377\000A\000u\000t\000o\000n\000o\000m\000n\000o\000\040\000p\000o\000n\000a\001\141\000a\000n\000j\000e\000\040\000a\000g\000e\000n\000t\000a}{section.3}% 16
\BOOKMARK [1][-]{section.4}{\376\377\000G\000l\000a\000v\000n\000i\000\040\000r\000e\000z\000u\000l\000t\000a\000t\000i\000\040\000i\000\040\000p\000r\000i\000m\000j\000e\000r\000i}{}% 17
\BOOKMARK [2][-]{subsection.4.1}{\376\377\000P\000o\000s\000t\000o\000j\000e\001\007\000i\000\040\000a\000l\000a\000t\000i\000\040\000i\000\040\000p\000l\000a\000t\000f\000o\000r\000m\000e}{section.4}% 18
\BOOKMARK [2][-]{subsection.4.2}{\376\377\000S\000t\000u\000d\000i\000j\000a\000\040\000s\000l\000u\001\015\000a\000j\000a\000:\000\040\000A\000u\000t\000o\000n\000o\000m\000n\000i\000\040\000p\000e\000n\000e\000t\000r\000a\000t\000i\000o\000n\000\040\000t\000e\000s\000t\000i\000n\000g}{section.4}% 19
\BOOKMARK [2][-]{subsection.4.3}{\376\377\000P\000r\000a\000k\000t\000i\001\015\000n\000i\000\040\000p\000r\000i\000m\000j\000e\000r\000:\000\040\000S\000Q\000L\000\040\000I\000n\000j\000e\000c\000t\000i\000o\000n\000\040\000d\000e\000t\000e\000k\000c\000i\000j\000a}{section.4}% 20
\BOOKMARK [2][-]{subsection.4.4}{\376\377\000M\000e\000t\000r\000i\000k\000e\000\040\000u\000s\000p\000j\000e\001\141\000n\000o\000s\000t\000i}{section.4}% 21
\BOOKMARK [1][-]{section.5}{\376\377\000Z\000a\000k\000l\000j\000u\001\015\000a\000k\000\040\000i\000\040\000p\000r\000e\000p\000o\000r\000u\000k\000e}{}% 22
\BOOKMARK [2][-]{subsection.5.1}{\376\377\000Z\000a\000k\000l\000j\000u\001\015\000a\000k}{section.5}% 23
\BOOKMARK [2][-]{subsection.5.2}{\376\377\000P\000r\000e\000p\000o\000r\000u\000k\000e\000\040\000z\000a\000\040\000i\000m\000p\000l\000e\000m\000e\000n\000t\000a\000c\000i\000j\000u}{section.5}% 24
\BOOKMARK [2][-]{subsection.5.3}{\376\377\000B\000u\000d\000u\001\007\000i\000\040\000p\000r\000a\000v\000c\000i}{section.5}% 25
\BOOKMARK [1][-]{section*.2}{\376\377\000R\000e\000f\000e\000r\000e\000n\000c\000e}{}% 26
